c:\users\donald trump\source\repos\aladin\sample03\debug\vc140.pdb
c:\users\donald trump\source\repos\aladin\sample03\debug\vc140.idb
c:\users\donald trump\source\repos\aladin\sample03\debug\bill.obj
c:\users\donald trump\source\repos\aladin\sample03\debug\contragame.obj
c:\users\donald trump\source\repos\aladin\sample03\debug\devicemanager.obj
c:\users\donald trump\source\repos\aladin\sample03\debug\event.obj
c:\users\donald trump\source\repos\aladin\sample03\debug\game.obj
c:\users\donald trump\source\repos\aladin\sample03\debug\gametime.obj
c:\users\donald trump\source\repos\aladin\sample03\debug\graphics.obj
c:\users\donald trump\source\repos\aladin\sample03\debug\icomponent.obj
c:\users\donald trump\source\repos\aladin\sample03\debug\inputcontroller.obj
c:\users\donald trump\source\repos\aladin\sample03\debug\land.obj
c:\users\donald trump\source\repos\aladin\sample03\debug\main.obj
c:\users\donald trump\source\repos\aladin\sample03\debug\scene.obj
c:\users\donald trump\source\repos\aladin\sample03\debug\sprite.obj
c:\users\donald trump\source\repos\aladin\sample03\debug\spritemanager.obj
c:\users\donald trump\source\repos\aladin\sample03\debug\surface.obj
c:\users\donald trump\source\repos\aladin\sample03\debug\texture.obj
c:\users\donald trump\source\repos\aladin\sample03\debug\timespan.obj
c:\users\donald trump\source\repos\aladin\sample03\debug\trace.obj
c:\users\donald trump\source\repos\aladin\sample03\debug\transformable.obj
c:\users\donald trump\source\repos\aladin\sample03\debug\utils.obj
c:\users\donald trump\source\repos\aladin\sample03\debug\aladdin.obj
c:\users\donald trump\source\repos\aladin\sample03\debug\animation.obj
c:\users\donald trump\source\repos\aladin\sample03\debug\baseobject.obj
c:\users\donald trump\source\repos\aladin\sample03\debug\sample03.ilk
c:\users\donald trump\source\repos\aladin\sample03\debug\sample03.exe
c:\users\donald trump\source\repos\aladin\sample03\debug\sample03.pdb
c:\users\donald trump\source\repos\aladin\sample03\debug\sample03.tlog\cl.command.1.tlog
c:\users\donald trump\source\repos\aladin\sample03\debug\sample03.tlog\cl.read.1.tlog
c:\users\donald trump\source\repos\aladin\sample03\debug\sample03.tlog\cl.write.1.tlog
c:\users\donald trump\source\repos\aladin\sample03\debug\sample03.tlog\link.command.1.tlog
c:\users\donald trump\source\repos\aladin\sample03\debug\sample03.tlog\link.read.1.tlog
c:\users\donald trump\source\repos\aladin\sample03\debug\sample03.tlog\link.write.1.tlog
